<?xml version="1.0" encoding="utf-8"?>
<TestRun id="e513f861-78a2-4af3-8e41-8e59cc4853e0" name="Lenovo@DESKTOP-V90BOH7 2026-05-20 20:43:12" runUser="DESKTOP-V90BOH7\Lenovo" xmlns="http://microsoft.com/schemas/VisualStudio/TeamTest/2010">
  <Times creation="2026-05-20T20:43:12.4483900+02:00" queuing="2026-05-20T20:43:12.4483908+02:00" start="2026-05-20T20:43:05.9061011+02:00" finish="2026-05-20T20:43:12.4540617+02:00" />
  <TestSettings name="default" id="121db51f-81a5-4435-82d0-0085b1e18b59">
    <Deployment runDeploymentRoot="Lenovo_DESKTOP-V90BOH7_2026-05-20_20_43_12" />
  </TestSettings>
  <Results>
    <UnitTestResult executionId="c57ddb8d-d480-4f02-9a22-b204ea259e5d" testId="747fa23f-3d3e-503a-d6e7-8fb6affbb58d" testName="FitnessApp.Tests.AdminDashboardTest.TestAdminDashboardAccess" computerName="DESKTOP-V90BOH7" duration="00:00:05.4995782" startTime="2026-05-20T20:43:12.3219645+02:00" endTime="2026-05-20T20:43:12.3220023+02:00" testType="13cdc9d9-ddb5-4fa4-a97d-d965ccfc6d4b" outcome="Passed" testListId="8c84fa94-04c1-424b-9868-57a2d4851a1d" relativeResultsDirectory="c57ddb8d-d480-4f02-9a22-b204ea259e5d" />
  </Results>
  <TestDefinitions>
    <UnitTest name="FitnessApp.Tests.AdminDashboardTest.TestAdminDashboardAccess" storage="c:\users\lenovo\desktop\fitness\fitnessapp.tests\bin\debug\net8.0\fitnessapp.tests.dll" id="747fa23f-3d3e-503a-d6e7-8fb6affbb58d">
      <Execution id="c57ddb8d-d480-4f02-9a22-b204ea259e5d" />
      <TestMethod codeBase="c:\Users\Lenovo\Desktop\Fitness\FitnessApp.Tests\bin\Debug\net8.0\FitnessApp.Tests.dll" adapterTypeName="executor://xunit/VsTestRunner2/netcoreapp" className="FitnessApp.Tests.AdminDashboardTest" name="TestAdminDashboardAccess" />
    </UnitTest>
  </TestDefinitions>
  <TestEntries>
    <TestEntry testId="747fa23f-3d3e-503a-d6e7-8fb6affbb58d" executionId="c57ddb8d-d480-4f02-9a22-b204ea259e5d" testListId="8c84fa94-04c1-424b-9868-57a2d4851a1d" />
  </TestEntries>
  <TestLists>
    <TestList name="Results Not in a List" id="8c84fa94-04c1-424b-9868-57a2d4851a1d" />
    <TestList name="All Loaded Results" id="19431567-8539-422a-85d7-44ee4e166bda" />
  </TestLists>
  <ResultSummary outcome="Completed">
    <Counters total="1" executed="1" passed="1" failed="0" error="0" timeout="0" aborted="0" inconclusive="0" passedButRunAborted="0" notRunnable="0" notExecuted="0" disconnected="0" warning="0" completed="0" inProgress="0" pending="0" />
    <Output>
      <StdOut>[xUnit.net 00:00:00.00] xUnit.net VSTest Adapter v2.5.3.1+6b60a9e56a (64-bit .NET 8.0.15)&#xD;
[xUnit.net 00:00:00.11]   Discovering: FitnessApp.Tests&#xD;
[xUnit.net 00:00:00.15]   Discovered:  FitnessApp.Tests&#xD;
[xUnit.net 00:00:00.16]   Starting:    FitnessApp.Tests&#xD;
[xUnit.net 00:00:05.76]   Finished:    FitnessApp.Tests&#xD;
</StdOut>
    </Output>
  </ResultSummary>
</TestRun>